<?xml version="1.0" encoding="UTF-8"?>
<!-- Generated by org.testng.reporters.JUnitReportReporter -->
<testsuite hostname="LTIN192805" name="employeeDetails.Validate_CreateNewEmployee" tests="1" failures="0" timestamp="31 Aug 2021 09:46:15 GMT" time="1.882" errors="0">
  <testcase name="verifyCreateNewEmployee" time="1.882" classname="employeeDetails.Validate_CreateNewEmployee"/>
</testsuite> <!-- employeeDetails.Validate_CreateNewEmployee -->
